<?xml version="1.0" encoding="UTF-8"?>
<!-- Generated by org.testng.reporters.JUnitReportReporter -->
<testsuite hostname="Bhushan" failures="0" tests="4" name="DemoQA.Sortable" time="16.567" errors="0" timestamp="2019-11-24T12:14:20 IST" skipped="3">
  <testcase classname="DemoQA.Sortable" name="dragElement" time="16.567"/>
  <testcase classname="DemoQA.Sortable" name="resizable">
    <skipped/>
  </testcase> <!-- resizable -->
  <testcase classname="DemoQA.Sortable" name="selectElements">
    <skipped/>
  </testcase> <!-- selectElements -->
  <testcase classname="DemoQA.Sortable" name="sortFirstElement">
    <skipped/>
  </testcase> <!-- sortFirstElement -->
</testsuite> <!-- DemoQA.Sortable -->
