<?xml version="1.0" encoding="UTF-8"?>
<!-- Generated by org.testng.reporters.JUnitReportReporter -->
<testsuite hostname="Bhushan-PC" failures="0" tests="5" name="com.testNG.test.SecondTC" time="0.019" errors="0" timestamp="01 Jun 2019 13:04:57 GMT" skipped="0">
  <testcase classname="com.testNG.test.SecondTC" name="test2" time="0.002"/>
  <testcase classname="com.testNG.test.SecondTC" name="test1" time="0.002"/>
  <testcase classname="com.testNG.test.SecondTC" name="test3" time="0.002"/>
  <testcase classname="com.testNG.test.SecondTC" name="test2" time="0.002"/>
  <testcase classname="com.testNG.test.SecondTC" name="test1" time="0.011"/>
</testsuite> <!-- com.testNG.test.SecondTC -->
