<?xml version="1.0" encoding="UTF-8"?>
<!-- Generated by org.testng.reporters.JUnitReportReporter -->
<testsuite hostname="Bhushan" failures="0" tests="1" name="parallel.Test2" time="15.338" errors="0" timestamp="2019-12-28T20:09:54 IST" skipped="0">
  <testcase classname="parallel.Test2" name="fillSignupDetails" time="15.338"/>
</testsuite> <!-- parallel.Test2 -->
