<?xml version="1.0" encoding="UTF-8"?>
<!-- Generated by org.testng.reporters.JUnitReportReporter -->
<testsuite hostname="Bhushan-PC" failures="0" tests="1" name="com.testNG.test.ClassA" time="8.041" errors="0" timestamp="19 May 2019 10:59:11 GMT" skipped="0">
  <testcase classname="com.testNG.test.ClassA" name="openURL" time="8.041"/>
</testsuite> <!-- com.testNG.test.ClassA -->
