<?xml version="1.0" encoding="UTF-8"?>
<!-- Generated by org.testng.reporters.JUnitReportReporter -->
<testsuite hostname="Bhushan" failures="0" tests="1" name="parallel.Test1" time="14.193" errors="0" timestamp="2019-12-28T20:17:35 IST" skipped="0">
  <testcase classname="parallel.Test1" name="fillLoginDetails" time="14.193"/>
</testsuite> <!-- parallel.Test1 -->
