<?xml version="1.0" encoding="UTF-8"?>
<!-- Generated by org.testng.reporters.JUnitReportReporter -->
<testsuite hostname="Bhushan" failures="0" tests="6" name="com.testNG.test.ThirdTC" time="0.033" errors="0" timestamp="2019-10-06T14:28:47 IST" skipped="0">
  <testcase classname="com.testNG.test.ThirdTC" name="login" time="0.017"/>
  <testcase classname="com.testNG.test.ThirdTC" name="login" time="0.000"/>
  <testcase classname="com.testNG.test.ThirdTC" name="login" time="0.016"/>
  <testcase classname="com.testNG.test.ThirdTC" name="homePage" time="0.000"/>
  <testcase classname="com.testNG.test.ThirdTC" name="createContact" time="0.000"/>
  <testcase classname="com.testNG.test.ThirdTC" name="logout" time="0.000"/>
</testsuite> <!-- com.testNG.test.ThirdTC -->
