<?xml version="1.0" encoding="UTF-8"?>
<!-- Generated by org.testng.reporters.JUnitReportReporter -->
<testsuite hostname="Bhushan-PC" failures="0" tests="1" name="com.testNG.test.FirstTC" time="9.870" errors="0" timestamp="19 May 2019 12:12:45 GMT" skipped="0">
  <testcase classname="com.testNG.test.FirstTC" name="openURL" time="9.870"/>
</testsuite> <!-- com.testNG.test.FirstTC -->
