<?xml version="1.0" encoding="UTF-8"?>
<!-- Generated by org.testng.reporters.JUnitReportReporter -->
<testsuite hostname="Bhushan" failures="0" tests="2" name="com.testNG.test.SeleiumPrctice" time="40.869" errors="0" timestamp="2019-11-23T12:29:27 IST" skipped="1">
  <testcase classname="com.testNG.test.SeleiumPrctice" name="delayedAlert" time="40.869"/>
  <testcase classname="com.testNG.test.SeleiumPrctice" name="testTooltip">
    <skipped/>
  </testcase> <!-- testTooltip -->
</testsuite> <!-- com.testNG.test.SeleiumPrctice -->
