<?xml version="1.0" encoding="UTF-8"?>
<!-- Generated by org.testng.reporters.JUnitReportReporter -->
<testsuite hostname="Bhushan" failures="0" tests="1" name="com.testNG.test.JDBCExample" time="0.759" errors="0" timestamp="2019-10-06T17:39:34 IST" skipped="0">
  <testcase classname="com.testNG.test.JDBCExample" name="TestVerifyDB" time="0.759"/>
</testsuite> <!-- com.testNG.test.JDBCExample -->
