<?xml version="1.0" encoding="UTF-8"?>
<!-- Generated by org.testng.reporters.JUnitReportReporter -->
<testsuite hostname="Bhushan" failures="0" tests="4" name="DataTesting.TestDataProvider" time="60.116" errors="0" timestamp="2020-01-04T20:30:15 IST" skipped="0">
  <testcase classname="DataTesting.TestDataProvider" name="testContacts" time="14.495"/>
  <testcase classname="DataTesting.TestDataProvider" name="testContacts" time="14.633"/>
  <testcase classname="DataTesting.TestDataProvider" name="testContacts" time="16.348"/>
  <testcase classname="DataTesting.TestDataProvider" name="testContacts" time="14.640"/>
</testsuite> <!-- DataTesting.TestDataProvider -->
